<?xml version="1.0" encoding="UTF-8"?>
<testsuites>
  <testsuite name="fastlane.lanes">
    
    
    
      
      <testcase classname="fastlane.lanes" name="0: default_platform" time="0.005479">
        
      </testcase>
    
      
      <testcase classname="fastlane.lanes" name="1: flutter_version" time="0.00685">
        
      </testcase>
    
      
      <testcase classname="fastlane.lanes" name="2: flutter_version" time="0.009789">
        
      </testcase>
    
      
      <testcase classname="fastlane.lanes" name="3: flutter packages get" time="3.4077">
        
      </testcase>
    
      
      <testcase classname="fastlane.lanes" name="4: flutter clean" time="6.431369">
        
      </testcase>
    
      
      <testcase classname="fastlane.lanes" name="5: flutter build appbundle --build-name=1.0.60 --build-number=4160" time="107.017788">
        
          <failure message="/usr/local/var/rbenv/versions/2.7.1/lib/ruby/gems/2.7.0/gems/fastlane-2.169.0/fastlane/lib/fastlane/actions/actions_helper.rb:67:in `execute_action'&#10;/usr/local/var/rbenv/versions/2.7.1/lib/ruby/gems/2.7.0/gems/fastlane-2.169.0/fastlane/lib/fastlane/fast_file.rb:218:in `sh'&#10;/usr/local/var/rbenv/versions/2.7.1/lib/ruby/gems/2.7.0/gems/fastlane-2.169.0/fastlane/lib/fastlane/fast_file.rb:212:in `sh'&#10;Fastfile:90:in `block in flutter_build'&#10;Fastfile:87:in `chdir'&#10;Fastfile:87:in `flutter_build'&#10;Fastfile:61:in `block (2 levels) in parsing_binding'&#10;/usr/local/var/rbenv/versions/2.7.1/lib/ruby/gems/2.7.0/gems/fastlane-2.169.0/fastlane/lib/fastlane/lane.rb:33:in `call'&#10;/usr/local/var/rbenv/versions/2.7.1/lib/ruby/gems/2.7.0/gems/fastlane-2.169.0/fastlane/lib/fastlane/runner.rb:49:in `block in execute'&#10;/usr/local/var/rbenv/versions/2.7.1/lib/ruby/gems/2.7.0/gems/fastlane-2.169.0/fastlane/lib/fastlane/runner.rb:45:in `chdir'&#10;/usr/local/var/rbenv/versions/2.7.1/lib/ruby/gems/2.7.0/gems/fastlane-2.169.0/fastlane/lib/fastlane/runner.rb:45:in `execute'&#10;/usr/local/var/rbenv/versions/2.7.1/lib/ruby/gems/2.7.0/gems/fastlane-2.169.0/fastlane/lib/fastlane/lane_manager.rb:47:in `cruise_lane'&#10;/usr/local/var/rbenv/versions/2.7.1/lib/ruby/gems/2.7.0/gems/fastlane-2.169.0/fastlane/lib/fastlane/command_line_handler.rb:36:in `handle'&#10;/usr/local/var/rbenv/versions/2.7.1/lib/ruby/gems/2.7.0/gems/fastlane-2.169.0/fastlane/lib/fastlane/commands_generator.rb:108:in `block (2 levels) in run'&#10;/usr/local/var/rbenv/versions/2.7.1/lib/ruby/gems/2.7.0/gems/commander-fastlane-4.4.6/lib/commander/command.rb:178:in `call'&#10;/usr/local/var/rbenv/versions/2.7.1/lib/ruby/gems/2.7.0/gems/commander-fastlane-4.4.6/lib/commander/command.rb:153:in `run'&#10;/usr/local/var/rbenv/versions/2.7.1/lib/ruby/gems/2.7.0/gems/commander-fastlane-4.4.6/lib/commander/runner.rb:476:in `run_active_command'&#10;/usr/local/var/rbenv/versions/2.7.1/lib/ruby/gems/2.7.0/gems/fastlane-2.169.0/fastlane_core/lib/fastlane_core/ui/fastlane_runner.rb:76:in `run!'&#10;/usr/local/var/rbenv/versions/2.7.1/lib/ruby/gems/2.7.0/gems/commander-fastlane-4.4.6/lib/commander/delegates.rb:15:in `run!'&#10;/usr/local/var/rbenv/versions/2.7.1/lib/ruby/gems/2.7.0/gems/fastlane-2.169.0/fastlane/lib/fastlane/commands_generator.rb:352:in `run'&#10;/usr/local/var/rbenv/versions/2.7.1/lib/ruby/gems/2.7.0/gems/fastlane-2.169.0/fastlane/lib/fastlane/commands_generator.rb:41:in `start'&#10;/usr/local/var/rbenv/versions/2.7.1/lib/ruby/gems/2.7.0/gems/fastlane-2.169.0/fastlane/lib/fastlane/cli_tools_distributor.rb:119:in `take_off'&#10;/usr/local/var/rbenv/versions/2.7.1/lib/ruby/gems/2.7.0/gems/fastlane-2.169.0/bin/fastlane:23:in `&lt;top (required)&gt;'&#10;/usr/local/var/rbenv/versions/2.7.1/bin/fastlane:23:in `load'&#10;/usr/local/var/rbenv/versions/2.7.1/bin/fastlane:23:in `&lt;main&gt;'&#10;&#10;Exit status of command 'flutter build appbundle --build-name=1.0.60 --build-number=4160' was 1 instead of 0.&#10;Running &quot;flutter pub get&quot; in my-idena...                            1,0s&#10;Running Gradle task 'bundleRelease'...                          &#10;Note: /Users/sylvain/SSE/app/flutter/.pub-cache/hosted/pub.dartlang.org/multi_image_picker-4.7.14/android/src/main/java/com/vitanov/multiimagepicker/FileDirectory.java uses or overrides a deprecated API.&#10;&#10;Note: Recompile with -Xlint:deprecation for details.&#10;&#10;Note: /Users/sylvain/SSE/app/flutter/.pub-cache/hosted/pub.dartlang.org/uni_links-0.4.0/android/src/main/java/name/avioli/unilinks/UniLinksPlugin.java uses or overrides a deprecated API.&#10;&#10;Note: Recompile with -Xlint:deprecation for details.&#10;&#10;Removed unused resources: Binary resource data reduced from 547KB to 500KB: Removed 8%&#10;&#10;&#10;&#10;FAILURE: Build failed with an exception.&#10;&#10;&#10;&#10;* What went wrong:&#10;&#10;Execution failed for task ':app:stripReleaseDebugSymbols'.&#10;&#10;&gt; No version of NDK matched the requested version 20.0.5594570. Versions available locally: 21.3.6528147&#10;&#10;&#10;&#10;* Try:&#10;&#10;Run with --stacktrace option to get the stack trace. Run with --info or --debug option to get more log output. Run with --scan to get full insights.&#10;&#10;&#10;&#10;* Get more help at https://help.gradle.org&#10;&#10;&#10;&#10;BUILD FAILED in 1m 42s&#10;Running Gradle task 'bundleRelease'...                            104,1s&#10;Gradle task bundleRelease failed with exit code 1&#10;" />
        
      </testcase>
    
  </testsuite>
</testsuites>
